<?xml version="1.0" encoding="utf-8"?><testsuites name="pytest tests"><testsuite name="pytest" errors="0" failures="0" skipped="0" tests="38" time="7.921" timestamp="2026-05-08T08:00:05.502298+00:00" hostname="agent-env-c3f82b80-2513-43b1-8275-a0821bf4b780"><testcase classname="tests.test_workpulse.TestAuth" name="test_login_admin" time="0.220" /><testcase classname="tests.test_workpulse.TestAuth" name="test_login_invalid" time="0.198" /><testcase classname="tests.test_workpulse.TestAuth" name="test_me" time="0.099" /><testcase classname="tests.test_workpulse.TestAuth" name="test_me_no_token" time="0.107" /><testcase classname="tests.test_workpulse.TestEmployees" name="test_employee_can_login" time="0.361" /><testcase classname="tests.test_workpulse.TestEmployees" name="test_list_employees_admin" time="0.105" /><testcase classname="tests.test_workpulse.TestEmployees" name="test_list_employees_forbidden_for_employee" time="0.291" /><testcase classname="tests.test_workpulse.TestEmployees" name="test_default_leave_balance_created" time="0.112" /><testcase classname="tests.test_workpulse.TestEmployees" name="test_update_employee" time="0.121" /><testcase classname="tests.test_workpulse.TestEmployees" name="test_deactivate_then_reactivate" time="0.401" /><testcase classname="tests.test_workpulse.TestActivityTemplates" name="test_list_template" time="0.120" /><testcase classname="tests.test_workpulse.TestActivityTemplates" name="test_employee_cannot_create" time="0.118" /><testcase classname="tests.test_workpulse.TestActivityTemplates" name="test_admin_create_update_delete" time="0.430" /><testcase classname="tests.test_workpulse.TestTasks" name="test_create_task" time="0.104" /><testcase classname="tests.test_workpulse.TestTasks" name="test_employee_cannot_create_task" time="0.122" /><testcase classname="tests.test_workpulse.TestTasks" name="test_employee_sees_only_own" time="0.098" /><testcase classname="tests.test_workpulse.TestTasks" name="test_admin_sees_all" time="0.114" /><testcase classname="tests.test_workpulse.TestTasks" name="test_employee_status_update" time="0.228" /><testcase classname="tests.test_workpulse.TestTasks" name="test_admin_cannot_update_status" time="0.113" /><testcase classname="tests.test_workpulse.TestTasks" name="test_employee_done_then_admin_review" time="0.344" /><testcase classname="tests.test_workpulse.TestTasks" name="test_remarks_both_roles" time="0.211" /><testcase classname="tests.test_workpulse.TestNotifications" name="test_employee_has_task_notif" time="0.101" /><testcase classname="tests.test_workpulse.TestNotifications" name="test_mark_one_read" time="0.230" /><testcase classname="tests.test_workpulse.TestNotifications" name="test_mark_all_read" time="0.246" /><testcase classname="tests.test_workpulse.TestSheets" name="test_today_sheet_create" time="0.099" /><testcase classname="tests.test_workpulse.TestSheets" name="test_save_draft" time="0.220" /><testcase classname="tests.test_workpulse.TestSheets" name="test_submit_missing_required_fails" time="0.280" /><testcase classname="tests.test_workpulse.TestSheets" name="test_submit_full" time="0.302" /><testcase classname="tests.test_workpulse.TestSheets" name="test_admin_list_sheets" time="0.099" /><testcase classname="tests.test_workpulse.TestLeaves" name="test_apply_leave" time="0.345" /><testcase classname="tests.test_workpulse.TestLeaves" name="test_apply_leave_today_sets_sheet_on_leave" time="0.686" /><testcase classname="tests.test_workpulse.TestLeaves" name="test_reject_leave" time="0.205" /><testcase classname="tests.test_workpulse.TestLeaves" name="test_cancel_pending_leave" time="0.205" /><testcase classname="tests.test_workpulse.TestDashboards" name="test_admin_dashboard" time="0.119" /><testcase classname="tests.test_workpulse.TestDashboards" name="test_employee_dashboard" time="0.108" /><testcase classname="tests.test_workpulse.TestDashboards" name="test_employee_cannot_access_admin_dashboard" time="0.361" /><testcase classname="tests.test_workpulse.TestReports" name="test_reports_admin" time="0.120" /><testcase classname="tests.test_workpulse.TestReports" name="test_reports_employee_forbidden" time="0.105" /></testsuite></testsuites>